09/02/2023 17:36:45: Iniciando sessão 1
09/02/2023 17:44:54: Iniciando sessão 1
09/02/2023 17:46:53: Iniciando sessão 1
09/02/2023 22:31:52: Iniciando sessão 1
09/02/2023 22:35:28: Iniciando sessão 1
09/02/2023 23:19:42: Iniciando sessão 1
09/02/2023 23:24:01: Iniciando sessão 1
10/02/2023 00:33:41: Iniciando sessão 1
10/02/2023 00:33:45: Iniciando sessão 2
10/02/2023 00:36:01: Iniciando sessão 1
10/02/2023 00:38:37: Iniciando sessão 1
10/02/2023 00:38:58: Iniciando sessão 1
10/02/2023 00:50:06: Iniciando sessão 1
10/02/2023 00:55:10: Iniciando sessão 1
10/02/2023 00:56:49: Iniciando sessão 1
10/02/2023 00:59:49: Iniciando sessão 1
10/02/2023 01:01:33: Iniciando sessão 1
10/02/2023 01:37:04: Iniciando sessão 1
10/02/2023 01:37:49: Iniciando sessão 1
10/02/2023 01:40:22: Iniciando sessão 1
10/02/2023 01:40:26: Iniciando sessão 2
10/02/2023 01:44:55: Iniciando sessão 1
10/02/2023 01:45:22: Iniciando sessão 1
10/02/2023 01:45:51: Iniciando sessão 1
10/02/2023 01:46:26: Iniciando sessão 1
10/02/2023 01:47:09: Iniciando sessão 1
10/02/2023 01:48:38: Iniciando sessão 1
10/02/2023 01:49:24: Iniciando sessão 1
10/02/2023 01:52:37: Iniciando sessão 1
10/02/2023 01:52:45: Iniciando sessão 2
10/02/2023 01:52:51: Iniciando sessão 3
10/02/2023 01:53:44: Iniciando sessão 1
10/02/2023 01:53:50: Iniciando sessão 2
10/02/2023 01:53:56: Iniciando sessão 3
10/02/2023 01:54:54: Iniciando sessão 1
10/02/2023 01:54:57: Iniciando sessão 2
10/02/2023 01:55:00: Iniciando sessão 3
10/02/2023 01:55:02: Iniciando sessão 4
10/02/2023 02:00:20: Iniciando sessão 1
10/02/2023 02:05:17: Iniciando sessão 1
10/02/2023 02:05:21: Iniciando sessão 2
10/02/2023 02:05:24: Iniciando sessão 3
10/02/2023 02:07:27: Iniciando sessão 1
10/02/2023 02:08:00: Iniciando sessão 1
10/02/2023 02:08:03: Iniciando sessão 2
10/02/2023 02:08:05: Iniciando sessão 3
10/02/2023 02:09:23: Iniciando sessão 1
10/02/2023 02:09:25: Iniciando sessão 2
10/02/2023 02:09:27: Iniciando sessão 3
10/02/2023 02:09:29: Iniciando sessão 4
10/02/2023 02:09:48: Iniciando sessão 1
10/02/2023 02:09:50: Iniciando sessão 2
10/02/2023 02:09:52: Iniciando sessão 3
10/02/2023 02:10:13: Iniciando sessão 1
10/02/2023 02:10:15: Iniciando sessão 2
10/02/2023 02:10:17: Iniciando sessão 3
10/02/2023 02:13:39: Iniciando sessão 1
10/02/2023 02:13:43: Iniciando sessão 2
10/02/2023 02:13:45: Iniciando sessão 3
10/02/2023 02:14:27: Iniciando sessão 1
10/02/2023 02:14:29: Iniciando sessão 2
10/02/2023 02:14:30: Iniciando sessão 3
10/02/2023 02:14:32: Iniciando sessão 4
10/02/2023 02:15:10: Iniciando sessão 1
10/02/2023 02:16:26: Iniciando sessão 1
10/02/2023 02:19:06: Iniciando sessão 1
22/02/2023 16:14:08: Iniciando sessão 1
22/02/2023 16:14:13: Iniciando sessão 2
22/02/2023 16:14:18: Iniciando sessão 3
22/02/2023 16:16:19: Iniciando sessão 1
22/02/2023 16:16:24: Iniciando sessão 2
22/02/2023 16:16:28: Iniciando sessão 3
22/02/2023 17:01:24: Iniciando sessão 1
22/02/2023 17:04:14: Iniciando sessão 1
22/02/2023 17:08:23: Iniciando sessão 1
22/02/2023 17:12:09: Iniciando sessão 1
22/02/2023 17:33:50: Iniciando sessão 1
22/02/2023 17:55:16: Iniciando sessão 1
22/02/2023 18:22:47: Iniciando sessão 1
22/02/2023 18:23:14: Iniciando sessão 1
22/02/2023 18:23:31: Iniciando sessão 1
22/02/2023 18:26:05: Iniciando sessão 1
22/02/2023 18:26:08: Iniciando sessão 2
22/02/2023 18:26:38: Iniciando sessão 1
22/02/2023 18:26:41: Iniciando sessão 2
22/02/2023 18:27:33: Iniciando sessão 1
22/02/2023 18:27:36: Iniciando sessão 2
22/02/2023 18:27:38: Iniciando sessão 3
22/02/2023 18:30:07: Iniciando sessão 1
22/02/2023 18:30:12: Iniciando sessão 2
22/02/2023 18:30:16: Iniciando sessão 3
22/02/2023 18:33:53: Iniciando sessão 1
22/02/2023 18:34:14: Iniciando sessão 1
22/02/2023 18:34:43: Iniciando sessão 1
28/02/2023 17:10:45: Iniciando sessão 1
28/02/2023 17:29:12: Iniciando sessão 1
28/02/2023 17:29:34: Iniciando sessão 1
28/02/2023 17:30:23: Iniciando sessão 1
28/02/2023 17:36:55: Iniciando sessão 1
28/02/2023 17:39:06: Iniciando sessão 1
28/02/2023 17:47:43: Iniciando sessão 1
28/02/2023 17:48:20: Iniciando sessão 1
28/02/2023 17:48:53: Iniciando sessão 1
28/02/2023 18:02:46: Iniciando sessão 1
28/02/2023 18:06:00: Iniciando sessão 1
28/02/2023 18:22:18: Iniciando sessão 1
28/02/2023 18:23:13: Iniciando sessão 1
28/02/2023 18:28:12: Iniciando sessão 1
28/02/2023 18:28:45: Iniciando sessão 1
28/02/2023 18:28:57: Iniciando sessão 1
28/02/2023 18:29:22: Iniciando sessão 1
01/03/2023 18:38:20: Iniciando sessão 1
01/03/2023 18:39:11: Iniciando sessão 1
01/03/2023 18:40:31: Iniciando sessão 1
01/03/2023 18:40:50: Iniciando sessão 1
01/03/2023 23:58:04: Iniciando sessão 1
01/03/2023 23:59:35: Iniciando sessão 1
02/03/2023 00:00:30: Iniciando sessão 2
02/03/2023 18:12:23: Iniciando sessão 1
02/03/2023 18:12:30: Iniciando sessão 2
02/03/2023 18:12:37: Iniciando sessão 3
02/03/2023 18:12:44: Iniciando sessão 4
02/03/2023 18:17:34: Iniciando sessão 1
02/03/2023 18:17:45: Iniciando sessão 2
02/03/2023 18:19:58: Iniciando sessão 1
02/03/2023 18:20:07: Iniciando sessão 2
02/03/2023 18:20:47: Iniciando sessão 1
02/03/2023 18:20:57: Iniciando sessão 2
02/03/2023 18:23:26: Iniciando sessão 1
02/03/2023 18:23:37: Iniciando sessão 2
02/03/2023 18:23:49: Iniciando sessão 3
02/03/2023 18:28:07: Iniciando sessão 1
02/03/2023 18:28:18: Iniciando sessão 2
02/03/2023 18:30:50: Iniciando sessão 1
02/03/2023 18:31:43: Iniciando sessão 1
02/03/2023 18:38:40: Iniciando sessão 1
02/03/2023 18:45:02: Iniciando sessão 1
02/03/2023 18:45:12: Iniciando sessão 2
02/03/2023 18:45:22: Iniciando sessão 3
02/03/2023 18:50:27: Iniciando sessão 1
02/03/2023 18:50:36: Iniciando sessão 2
02/03/2023 18:52:07: Iniciando sessão 1
02/03/2023 18:52:14: Iniciando sessão 2
08/03/2023 19:41:23: Iniciando sessão 1
08/03/2023 19:41:38: Iniciando sessão 1
08/03/2023 19:41:47: Iniciando sessão 2
08/03/2023 19:41:51: Iniciando sessão 3
08/03/2023 19:43:13: Iniciando sessão 1
08/03/2023 19:43:18: Iniciando sessão 2
08/03/2023 19:43:50: Iniciando sessão 1
08/03/2023 19:44:01: Iniciando sessão 2
08/03/2023 19:49:26: Iniciando sessão 1
08/03/2023 19:49:34: Iniciando sessão 2
08/03/2023 19:49:44: Iniciando sessão 3
08/03/2023 19:49:49: Iniciando sessão 4
08/03/2023 19:51:34: Iniciando sessão 1
08/03/2023 19:52:48: Iniciando sessão 1
08/03/2023 19:53:58: Iniciando sessão 1
08/03/2023 19:54:49: Iniciando sessão 1
08/03/2023 19:56:16: Iniciando sessão 1
08/03/2023 19:56:31: Iniciando sessão 2
08/03/2023 19:57:02: Iniciando sessão 1
08/03/2023 20:03:29: Iniciando sessão 1
08/03/2023 20:05:13: Iniciando sessão 1
08/03/2023 20:12:00: Iniciando sessão 1
08/03/2023 20:12:32: Iniciando sessão 1
08/03/2023 20:12:42: Iniciando sessão 1
08/03/2023 20:13:30: Iniciando sessão 1
08/03/2023 20:17:06: Iniciando sessão 1
08/03/2023 20:18:14: Iniciando sessão 1
08/03/2023 20:18:58: Iniciando sessão 1
08/03/2023 20:19:44: Iniciando sessão 1
08/03/2023 20:22:58: Iniciando sessão 1
08/03/2023 20:26:32: Iniciando sessão 1
08/03/2023 20:29:53: Iniciando sessão 1
08/03/2023 20:31:09: Iniciando sessão 1
08/03/2023 20:31:28: Iniciando sessão 1
08/03/2023 20:34:15: Iniciando sessão 1
08/03/2023 20:35:08: Iniciando sessão 1
08/03/2023 20:37:06: Iniciando sessão 1
08/03/2023 20:38:08: Iniciando sessão 1
08/03/2023 20:41:02: Iniciando sessão 1
08/03/2023 20:41:49: Iniciando sessão 1
08/03/2023 20:45:05: Iniciando sessão 1
08/03/2023 20:45:44: Iniciando sessão 1
08/03/2023 20:46:51: Iniciando sessão 1
08/03/2023 20:48:27: Iniciando sessão 1
08/03/2023 20:49:43: Iniciando sessão 1
08/03/2023 20:49:55: Iniciando sessão 1
08/03/2023 20:52:12: Iniciando sessão 1
08/03/2023 20:58:57: Iniciando sessão 1
08/03/2023 21:00:15: Iniciando sessão 1
08/03/2023 21:00:55: Iniciando sessão 1
08/03/2023 21:02:49: Iniciando sessão 1
08/03/2023 21:06:19: Iniciando sessão 1
08/03/2023 21:06:50: Iniciando sessão 1
08/03/2023 21:10:55: Iniciando sessão 1
08/03/2023 21:16:48: Iniciando sessão 1
08/03/2023 21:26:55: Iniciando sessão 1
08/03/2023 21:27:37: Iniciando sessão 1
08/03/2023 21:28:47: Iniciando sessão 1
08/03/2023 21:31:06: Iniciando sessão 1
08/03/2023 21:46:57: Iniciando sessão 1
08/03/2023 21:47:55: Iniciando sessão 1
08/03/2023 21:48:42: Iniciando sessão 1
09/03/2023 00:42:48: Iniciando sessão 1
09/03/2023 00:43:01: Iniciando sessão 2
09/03/2023 00:58:52: Iniciando sessão 1
09/03/2023 00:59:16: Iniciando sessão 1
09/03/2023 00:59:34: Iniciando sessão 2
09/03/2023 01:01:13: Iniciando sessão 1
09/03/2023 01:01:22: Iniciando sessão 2
09/03/2023 01:01:24: Iniciando sessão 3
09/03/2023 01:01:26: Iniciando sessão 4
09/03/2023 01:01:28: Iniciando sessão 5
09/03/2023 01:10:00: Iniciando sessão 1
09/03/2023 01:17:39: Iniciando sessão 1
09/03/2023 01:17:55: Iniciando sessão 2
09/03/2023 01:17:57: Iniciando sessão 3
09/03/2023 01:17:59: Iniciando sessão 4
09/03/2023 01:18:01: Iniciando sessão 5
09/03/2023 01:18:40: Iniciando sessão 1
09/03/2023 01:19:10: Iniciando sessão 1
09/03/2023 01:20:47: Iniciando sessão 2
09/03/2023 01:21:21: Iniciando sessão 1
09/03/2023 01:23:16: Iniciando sessão 1
09/03/2023 01:23:32: Iniciando sessão 2
09/03/2023 01:23:45: Iniciando sessão 1
09/03/2023 01:24:00: Iniciando sessão 2
09/03/2023 01:24:15: Iniciando sessão 3
09/03/2023 16:12:12: Iniciando sessão 1
09/03/2023 16:12:20: Iniciando sessão 2
09/03/2023 16:12:24: Iniciando sessão 3
09/03/2023 16:12:30: Iniciando sessão 4
09/03/2023 16:12:33: Iniciando sessão 5
09/03/2023 16:17:28: Iniciando sessão 1
09/03/2023 16:17:38: Iniciando sessão 2
09/03/2023 16:17:42: Iniciando sessão 3
09/03/2023 16:17:45: Iniciando sessão 4
09/03/2023 16:17:50: Iniciando sessão 5
09/03/2023 16:18:44: Iniciando sessão 1
09/03/2023 16:18:50: Iniciando sessão 2
09/03/2023 16:18:54: Iniciando sessão 3
09/03/2023 16:20:03: Iniciando sessão 1
09/03/2023 16:20:06: Iniciando sessão 2
09/03/2023 16:20:09: Iniciando sessão 3
09/03/2023 16:20:12: Iniciando sessão 4
09/03/2023 16:20:15: Iniciando sessão 5
09/03/2023 16:41:58: Iniciando sessão 1
09/03/2023 16:42:02: Iniciando sessão 2
09/03/2023 16:42:05: Iniciando sessão 3
09/03/2023 16:42:08: Iniciando sessão 4
09/03/2023 16:42:11: Iniciando sessão 5
09/03/2023 16:47:22: Iniciando sessão 1
09/03/2023 16:48:28: Iniciando sessão 1
09/03/2023 16:48:50: Iniciando sessão 2
09/03/2023 16:49:06: Iniciando sessão 3
09/03/2023 16:49:17: Iniciando sessão 4
09/03/2023 16:49:29: Iniciando sessão 5
09/03/2023 16:51:14: Iniciando sessão 1
09/03/2023 16:51:48: Iniciando sessão 2
09/03/2023 17:00:59: Iniciando sessão 1
09/03/2023 17:02:51: Iniciando sessão 2
09/03/2023 17:03:05: Iniciando sessão 3
09/03/2023 17:03:21: Iniciando sessão 4
09/03/2023 17:03:38: Iniciando sessão 5
09/03/2023 17:09:30: Iniciando sessão 1
09/03/2023 17:09:34: Iniciando sessão 2
09/03/2023 17:09:37: Iniciando sessão 3
09/03/2023 17:09:40: Iniciando sessão 4
09/03/2023 17:09:43: Iniciando sessão 5
09/03/2023 17:30:32: Iniciando sessão 1
09/03/2023 17:30:39: Iniciando sessão 2
09/03/2023 17:32:46: Iniciando sessão 1
09/03/2023 17:32:54: Iniciando sessão 2
09/03/2023 17:34:13: Iniciando sessão 1
09/03/2023 17:34:18: Iniciando sessão 2
09/03/2023 17:34:23: Iniciando sessão 3
09/03/2023 17:34:27: Iniciando sessão 4
09/03/2023 17:34:32: Iniciando sessão 5
10/03/2023 16:38:52: Iniciando sessão 1
10/03/2023 16:46:05: Iniciando sessão 1
10/03/2023 16:56:54: Iniciando sessão 1
10/03/2023 16:57:34: Iniciando sessão 1
15/03/2023 13:24:58: Iniciando sessão 1
15/03/2023 13:36:03: Iniciando sessão 1
15/03/2023 13:52:15: Iniciando sessão 1
15/03/2023 13:52:35: Iniciando sessão 1
15/03/2023 13:56:42: Iniciando sessão 1
15/03/2023 13:59:51: Iniciando sessão 1
15/03/2023 14:00:13: Iniciando sessão 1
15/03/2023 14:01:11: Iniciando sessão 1
15/03/2023 14:02:21: Iniciando sessão 1
15/03/2023 14:03:12: Iniciando sessão 1
15/03/2023 14:03:27: Iniciando sessão 1
15/03/2023 14:03:52: Iniciando sessão 1
15/03/2023 14:05:17: Iniciando sessão 1
15/03/2023 14:06:11: Iniciando sessão 1
15/03/2023 14:06:36: Iniciando sessão 1
15/03/2023 14:06:51: Iniciando sessão 1
15/03/2023 14:44:20: Iniciando sessão 1
15/03/2023 14:56:45: Iniciando sessão 1
15/03/2023 15:27:53: Iniciando sessão 1
15/03/2023 15:36:49: Iniciando sessão 1
15/03/2023 15:43:22: Iniciando sessão 1
15/03/2023 15:45:12: Iniciando sessão 1
15/03/2023 15:45:29: Iniciando sessão 1
15/03/2023 15:49:25: Iniciando sessão 1
15/03/2023 15:53:37: Iniciando sessão 1
15/03/2023 15:55:54: Iniciando sessão 1
15/03/2023 15:57:50: Iniciando sessão 1
15/03/2023 15:58:08: Iniciando sessão 1
15/03/2023 15:58:19: Iniciando sessão 1
15/03/2023 16:01:52: Iniciando sessão 1
15/03/2023 16:02:21: Iniciando sessão 1
15/03/2023 16:08:40: Iniciando sessão 1
15/03/2023 16:10:31: Iniciando sessão 1
15/03/2023 16:11:32: Iniciando sessão 1
15/03/2023 16:21:14: Iniciando sessão 1
22/03/2023 12:52:23: Iniciando sessão 1
22/03/2023 12:52:28: Iniciando sessão 1
22/03/2023 13:23:18: Iniciando sessão 1
22/03/2023 13:31:47: Iniciando sessão 1
22/03/2023 13:32:49: Iniciando sessão 1
22/03/2023 13:34:26: Iniciando sessão 1
22/03/2023 13:35:18: Iniciando sessão 1
22/03/2023 13:37:52: Iniciando sessão 1
22/03/2023 13:38:35: Iniciando sessão 1
22/03/2023 13:39:15: Iniciando sessão 1
22/03/2023 13:40:46: Iniciando sessão 1
22/03/2023 14:12:01: Iniciando sessão 1
22/03/2023 14:13:47: Iniciando sessão 1
22/03/2023 14:14:42: Iniciando sessão 1
22/03/2023 14:15:36: Iniciando sessão 1
22/03/2023 14:16:31: Iniciando sessão 1
22/03/2023 14:19:18: Iniciando sessão 1
22/03/2023 14:20:12: Iniciando sessão 1
22/03/2023 14:20:54: Iniciando sessão 1
22/03/2023 14:21:29: Iniciando sessão 1
22/03/2023 14:24:04: Iniciando sessão 1
22/03/2023 14:24:50: Iniciando sessão 1
22/03/2023 14:26:04: Iniciando sessão 1
22/03/2023 14:26:47: Iniciando sessão 1
22/03/2023 14:29:18: Iniciando sessão 1
22/03/2023 14:40:01: Iniciando sessão 1
22/03/2023 14:40:23: Iniciando sessão 1
22/03/2023 14:41:53: Iniciando sessão 1
22/03/2023 14:57:10: Iniciando sessão 1
22/03/2023 14:58:39: Iniciando sessão 1
22/03/2023 15:02:17: Iniciando sessão 1
22/03/2023 15:09:03: Iniciando sessão 1
22/03/2023 15:12:57: Iniciando sessão 1
22/03/2023 15:13:52: Iniciando sessão 1
23/03/2023 15:03:46: Iniciando sessão 1
04/04/2023 12:00:32: Iniciando sessão 1
04/04/2023 12:00:50: Iniciando sessão 1
04/04/2023 12:04:34: Iniciando sessão 1
04/04/2023 12:05:59: Iniciando sessão 1
04/04/2023 12:06:19: Iniciando sessão 1
04/04/2023 12:28:39: Iniciando sessão 1
04/04/2023 12:29:55: Iniciando sessão 1
04/04/2023 12:31:53: Iniciando sessão 1
04/04/2023 12:38:08: Iniciando sessão 1
04/04/2023 12:47:22: Iniciando sessão 1
04/04/2023 12:49:21: Iniciando sessão 1
04/04/2023 12:49:34: Iniciando sessão 1
04/04/2023 12:49:43: Iniciando sessão 1
04/04/2023 12:51:16: Iniciando sessão 1
04/04/2023 13:01:00: Iniciando sessão 1
04/04/2023 13:02:14: Iniciando sessão 1
04/04/2023 13:03:30: Iniciando sessão 1
04/04/2023 13:04:07: Iniciando sessão 1
04/04/2023 13:08:43: Iniciando sessão 1
04/04/2023 13:11:01: Iniciando sessão 1
04/04/2023 13:17:54: Iniciando sessão 1
04/04/2023 13:18:59: Iniciando sessão 1
04/04/2023 13:21:19: Iniciando sessão 1
04/04/2023 13:21:57: Iniciando sessão 1
04/04/2023 13:23:39: Iniciando sessão 1
04/04/2023 13:24:52: Iniciando sessão 1
04/04/2023 13:27:24: Iniciando sessão 1
04/04/2023 14:14:45: Iniciando sessão 1
04/04/2023 14:15:32: Iniciando sessão 1
04/04/2023 14:16:46: Iniciando sessão 1
04/04/2023 14:18:44: Iniciando sessão 1
04/04/2023 14:19:12: Iniciando sessão 1
04/04/2023 14:19:36: Iniciando sessão 1
04/04/2023 14:21:10: Iniciando sessão 1
04/04/2023 14:21:31: Iniciando sessão 1
04/04/2023 14:21:49: Iniciando sessão 1
04/04/2023 14:27:16: Iniciando sessão 1
04/04/2023 14:28:17: Iniciando sessão 1
04/04/2023 14:30:21: Iniciando sessão 1
04/04/2023 14:31:16: Iniciando sessão 1
04/04/2023 14:31:59: Iniciando sessão 1
04/04/2023 14:35:32: Iniciando sessão 1
04/04/2023 14:37:42: Iniciando sessão 1
04/04/2023 14:38:19: Iniciando sessão 1
04/04/2023 14:41:08: Iniciando sessão 1
04/04/2023 14:42:50: Iniciando sessão 1
04/04/2023 14:43:35: Iniciando sessão 1
04/04/2023 14:47:39: Iniciando sessão 1
04/04/2023 14:48:58: Iniciando sessão 1
04/04/2023 14:50:17: Iniciando sessão 1
04/04/2023 14:51:13: Iniciando sessão 1
04/04/2023 14:56:26: Iniciando sessão 1
04/04/2023 14:58:23: Iniciando sessão 1
04/04/2023 14:58:55: Iniciando sessão 1
04/04/2023 14:59:48: Iniciando sessão 1
04/04/2023 15:00:51: Iniciando sessão 1
04/04/2023 15:03:03: Iniciando sessão 1
04/04/2023 15:05:19: Iniciando sessão 1
04/04/2023 15:16:23: Iniciando sessão 1
04/04/2023 15:30:34: Iniciando sessão 1
04/04/2023 15:32:50: Iniciando sessão 1
04/04/2023 15:34:46: Iniciando sessão 1
04/04/2023 15:40:14: Iniciando sessão 1
04/04/2023 15:40:57: Iniciando sessão 1
04/04/2023 15:41:35: Iniciando sessão 1
04/04/2023 15:42:19: Iniciando sessão 1
04/04/2023 15:43:42: Iniciando sessão 1
04/04/2023 15:44:17: Iniciando sessão 1
04/04/2023 15:46:35: Iniciando sessão 1
04/04/2023 15:55:11: Iniciando sessão 1
04/04/2023 15:55:58: Iniciando sessão 1
04/04/2023 15:56:23: Iniciando sessão 1
04/04/2023 16:07:31: Iniciando sessão 1
04/04/2023 16:08:01: Iniciando sessão 1
04/04/2023 16:14:05: Iniciando sessão 1
04/04/2023 16:14:45: Iniciando sessão 1
04/04/2023 16:15:02: Iniciando sessão 1
04/04/2023 16:15:25: Iniciando sessão 1
04/04/2023 16:15:30: Iniciando sessão 1
04/04/2023 16:17:24: Iniciando sessão 1
04/04/2023 16:17:43: Iniciando sessão 1
04/04/2023 16:18:12: Iniciando sessão 1
04/04/2023 16:18:26: Iniciando sessão 1
04/04/2023 16:18:48: Iniciando sessão 1
04/04/2023 16:19:02: Iniciando sessão 1
04/04/2023 16:19:35: Iniciando sessão 1
04/04/2023 16:20:59: Iniciando sessão 1
04/04/2023 16:21:15: Iniciando sessão 1
04/04/2023 16:21:24: Iniciando sessão 1
04/04/2023 16:21:34: Iniciando sessão 1
04/04/2023 16:21:40: Iniciando sessão 1
04/04/2023 16:21:50: Iniciando sessão 1
04/04/2023 16:23:33: Iniciando sessão 1
04/04/2023 16:34:01: Iniciando sessão 1
04/04/2023 16:34:24: Iniciando sessão 1
04/04/2023 16:34:32: Iniciando sessão 1
04/04/2023 16:34:57: Iniciando sessão 1
04/04/2023 16:35:22: Iniciando sessão 1
04/04/2023 16:35:29: Iniciando sessão 1
04/04/2023 16:36:08: Iniciando sessão 1
04/04/2023 16:37:31: Iniciando sessão 1
04/04/2023 16:38:18: Iniciando sessão 1
04/04/2023 16:41:21: Iniciando sessão 1
04/04/2023 16:42:23: Iniciando sessão 1
04/04/2023 16:46:47: Iniciando sessão 1
04/04/2023 16:49:18: Iniciando sessão 1
04/04/2023 16:50:44: Iniciando sessão 1
04/04/2023 16:53:00: Iniciando sessão 1
04/04/2023 16:54:33: Iniciando sessão 1
04/04/2023 16:57:46: Iniciando sessão 1
04/04/2023 16:58:11: Iniciando sessão 1
04/04/2023 17:02:43: Iniciando sessão 1
04/04/2023 17:03:49: Iniciando sessão 1
04/04/2023 17:05:03: Iniciando sessão 1
04/04/2023 17:06:27: Iniciando sessão 1
04/04/2023 17:07:26: Iniciando sessão 1
04/04/2023 17:07:56: Iniciando sessão 1
04/04/2023 17:08:32: Iniciando sessão 1
04/04/2023 17:09:13: Iniciando sessão 1
04/04/2023 17:12:04: Iniciando sessão 1
04/04/2023 17:13:59: Iniciando sessão 1
04/04/2023 17:14:52: Iniciando sessão 1
04/04/2023 17:15:45: Iniciando sessão 1
04/04/2023 17:17:03: Iniciando sessão 1
04/04/2023 17:17:52: Iniciando sessão 1
04/04/2023 17:18:38: Iniciando sessão 1
04/04/2023 17:22:31: Iniciando sessão 1
04/04/2023 17:26:25: Iniciando sessão 1
04/04/2023 17:26:45: Iniciando sessão 1
04/04/2023 17:27:20: Iniciando sessão 1
04/04/2023 17:28:29: Iniciando sessão 1
04/04/2023 17:29:09: Iniciando sessão 1
04/04/2023 17:29:47: Iniciando sessão 1
04/04/2023 17:31:25: Iniciando sessão 1
04/04/2023 17:42:07: Iniciando sessão 1
04/04/2023 17:42:54: Iniciando sessão 1
04/04/2023 17:51:50: Iniciando sessão 1
04/04/2023 17:52:27: Iniciando sessão 1
04/04/2023 17:58:28: Iniciando sessão 1
04/04/2023 17:59:21: Iniciando sessão 1
04/04/2023 17:59:53: Iniciando sessão 1
04/04/2023 17:59:59: Iniciando sessão 1
04/04/2023 18:00:30: Iniciando sessão 1
04/04/2023 18:06:08: Iniciando sessão 1
04/04/2023 18:09:27: Iniciando sessão 1
04/04/2023 18:16:37: Iniciando sessão 1
04/04/2023 18:18:56: Iniciando sessão 1
04/04/2023 18:19:53: Iniciando sessão 1
04/04/2023 18:28:51: Iniciando sessão 1
04/04/2023 18:31:28: Iniciando sessão 1
04/04/2023 18:33:19: Iniciando sessão 1
04/04/2023 18:34:53: Iniciando sessão 1
04/04/2023 18:35:57: Iniciando sessão 1
04/04/2023 18:37:53: Iniciando sessão 1
04/04/2023 18:39:03: Iniciando sessão 1
04/04/2023 18:44:02: Iniciando sessão 1
04/04/2023 18:45:57: Iniciando sessão 1
04/04/2023 18:49:34: Iniciando sessão 1
04/04/2023 18:50:11: Iniciando sessão 1
04/04/2023 18:51:49: Iniciando sessão 1
04/04/2023 18:53:16: Iniciando sessão 1
04/04/2023 19:00:59: Iniciando sessão 1
04/04/2023 19:02:02: Iniciando sessão 1
04/04/2023 19:07:40: Iniciando sessão 1
12/04/2023 14:28:10: Iniciando sessão 1
12/04/2023 14:30:05: Iniciando sessão 1
12/04/2023 17:11:19: Iniciando sessão 1
12/04/2023 17:26:54: Iniciando sessão 1
12/04/2023 17:29:57: Iniciando sessão 1
12/04/2023 17:55:36: Iniciando sessão 1
12/04/2023 17:55:51: Iniciando sessão 1
12/04/2023 17:56:31: Iniciando sessão 1
12/04/2023 17:58:09: Iniciando sessão 1
12/04/2023 22:25:02: Iniciando sessão 1
12/04/2023 22:32:29: Iniciando sessão 1
12/04/2023 22:39:28: Iniciando sessão 1
12/04/2023 23:01:41: Iniciando sessão 1
12/04/2023 23:03:17: Iniciando sessão 1
12/04/2023 23:22:28: Iniciando sessão 1
12/04/2023 23:23:01: Iniciando sessão 1
12/04/2023 23:46:41: Iniciando sessão 1
12/04/2023 23:47:21: Iniciando sessão 1
12/04/2023 23:49:30: Iniciando sessão 1
12/04/2023 23:49:57: Iniciando sessão 1
12/04/2023 23:51:21: Iniciando sessão 1
12/04/2023 23:51:48: Iniciando sessão 1
12/04/2023 23:56:21: Iniciando sessão 1
13/04/2023 00:02:08: Iniciando sessão 1
13/04/2023 00:02:57: Iniciando sessão 1
13/04/2023 00:04:12: Iniciando sessão 1
13/04/2023 00:04:29: Iniciando sessão 1
13/04/2023 00:04:45: Iniciando sessão 1
13/04/2023 13:57:55: Iniciando sessão 1
13/04/2023 13:58:22: Iniciando sessão 1
13/04/2023 15:31:25: Iniciando sessão 1
13/04/2023 15:36:51: Iniciando sessão 1
13/04/2023 15:37:49: Iniciando sessão 1
13/04/2023 15:44:36: Iniciando sessão 1
13/04/2023 15:45:24: Iniciando sessão 1
13/04/2023 15:52:13: Iniciando sessão 1
13/04/2023 15:52:31: Iniciando sessão 1
13/04/2023 15:52:39: Iniciando sessão 1
13/04/2023 15:53:17: Iniciando sessão 1
13/04/2023 15:53:24: Iniciando sessão 1
13/04/2023 15:57:37: Iniciando sessão 1
13/04/2023 15:58:18: Iniciando sessão 1
13/04/2023 16:15:34: Iniciando sessão 1
13/04/2023 16:18:26: Iniciando sessão 1
13/04/2023 16:18:34: Iniciando sessão 1
13/04/2023 16:19:33: Iniciando sessão 1
13/04/2023 16:19:56: Iniciando sessão 1
13/04/2023 16:20:09: Iniciando sessão 1
13/04/2023 16:20:37: Iniciando sessão 1
13/04/2023 16:20:56: Iniciando sessão 1
13/04/2023 16:21:06: Iniciando sessão 1
13/04/2023 16:21:43: Iniciando sessão 1
13/04/2023 16:22:38: Iniciando sessão 1
13/04/2023 16:23:02: Iniciando sessão 1
13/04/2023 16:23:26: Iniciando sessão 1
13/04/2023 16:23:57: Iniciando sessão 1
13/04/2023 16:24:19: Iniciando sessão 1
13/04/2023 16:24:45: Iniciando sessão 1
13/04/2023 16:25:02: Iniciando sessão 1
13/04/2023 16:25:29: Iniciando sessão 1
13/04/2023 16:27:42: Iniciando sessão 1
13/04/2023 16:30:56: Iniciando sessão 1
13/04/2023 16:53:03: Iniciando sessão 1
13/04/2023 16:53:44: Iniciando sessão 1
13/04/2023 16:56:33: Iniciando sessão 1
13/04/2023 16:56:51: Iniciando sessão 1
13/04/2023 17:00:36: Iniciando sessão 1
13/04/2023 17:01:23: Iniciando sessão 1
13/04/2023 17:22:59: Iniciando sessão 1
13/04/2023 17:23:20: Iniciando sessão 1
13/04/2023 17:24:02: Iniciando sessão 1
13/04/2023 17:24:17: Iniciando sessão 1
13/04/2023 17:24:29: Iniciando sessão 1
13/04/2023 17:25:55: Iniciando sessão 1
13/04/2023 17:26:29: Iniciando sessão 1
13/04/2023 17:33:46: Iniciando sessão 1
13/04/2023 17:34:14: Iniciando sessão 1
13/04/2023 17:34:33: Iniciando sessão 1
13/04/2023 17:34:59: Iniciando sessão 1
13/04/2023 17:45:52: Iniciando sessão 1
13/04/2023 17:46:46: Iniciando sessão 1
13/04/2023 17:47:54: Iniciando sessão 1
13/04/2023 23:11:22: Iniciando sessão 1
13/04/2023 23:15:32: Iniciando sessão 1
13/04/2023 23:42:44: Iniciando sessão 1
13/04/2023 23:44:31: Iniciando sessão 1
13/04/2023 23:47:53: Iniciando sessão 1
13/04/2023 23:51:33: Iniciando sessão 1
13/04/2023 23:51:43: Iniciando sessão 1
13/04/2023 23:52:19: Iniciando sessão 1
14/04/2023 00:13:58: Iniciando sessão 1
14/04/2023 00:19:19: Iniciando sessão 1
14/04/2023 00:23:07: Iniciando sessão 1
18/04/2023 17:20:47: Iniciando sessão 1
18/04/2023 18:57:19: Iniciando sessão 1
18/04/2023 18:58:41: Iniciando sessão 1
18/04/2023 19:00:29: Iniciando sessão 1
18/04/2023 19:29:53: Iniciando sessão 1
18/04/2023 19:31:12: Iniciando sessão 1
18/04/2023 19:32:08: Iniciando sessão 1
18/04/2023 19:57:30: Iniciando sessão 1
18/04/2023 20:05:53: Iniciando sessão 1
18/04/2023 20:06:54: Iniciando sessão 1
18/04/2023 20:07:55: Iniciando sessão 1
18/04/2023 20:33:15: Iniciando sessão 1
18/04/2023 20:33:38: Iniciando sessão 1
18/04/2023 20:35:04: Iniciando sessão 1
18/04/2023 20:40:37: Iniciando sessão 1
18/04/2023 20:49:54: Iniciando sessão 1
18/04/2023 20:50:27: Iniciando sessão 1
18/04/2023 20:51:41: Iniciando sessão 1
18/04/2023 20:55:42: Iniciando sessão 1
18/04/2023 20:56:39: Iniciando sessão 1
18/04/2023 20:58:05: Iniciando sessão 1
19/04/2023 14:31:59: Iniciando sessão 1
19/04/2023 14:33:02: Iniciando sessão 1
19/04/2023 14:36:42: Iniciando sessão 1
19/04/2023 15:12:24: Iniciando sessão 1
19/04/2023 15:30:12: Iniciando sessão 1
19/04/2023 15:31:29: Iniciando sessão 1
19/04/2023 15:31:43: Iniciando sessão 1
19/04/2023 15:32:17: Iniciando sessão 1
19/04/2023 15:32:30: Iniciando sessão 1
19/04/2023 15:32:57: Iniciando sessão 1
19/04/2023 15:33:54: Iniciando sessão 1
19/04/2023 15:36:22: Iniciando sessão 1
19/04/2023 15:40:51: Iniciando sessão 1
19/04/2023 15:42:41: Iniciando sessão 1
19/04/2023 15:43:13: Iniciando sessão 1
19/04/2023 15:43:40: Iniciando sessão 1
19/04/2023 15:45:09: Iniciando sessão 1
19/04/2023 15:49:28: Iniciando sessão 1
19/04/2023 15:51:50: Iniciando sessão 1
19/04/2023 15:52:49: Iniciando sessão 1
19/04/2023 15:54:25: Iniciando sessão 1
19/04/2023 15:55:23: Iniciando sessão 1
19/04/2023 15:56:22: Iniciando sessão 1
19/04/2023 15:57:00: Iniciando sessão 1
19/04/2023 15:57:53: Iniciando sessão 1
19/04/2023 15:58:06: Iniciando sessão 1
19/04/2023 15:58:13: Iniciando sessão 1
19/04/2023 15:58:18: Iniciando sessão 1
19/04/2023 16:00:47: Iniciando sessão 1
19/04/2023 16:00:55: Iniciando sessão 1
19/04/2023 16:01:39: Iniciando sessão 1
19/04/2023 16:02:21: Iniciando sessão 1
19/04/2023 16:04:19: Iniciando sessão 1
19/04/2023 16:05:56: Iniciando sessão 1
19/04/2023 16:10:09: Iniciando sessão 1
19/04/2023 16:10:28: Iniciando sessão 1
19/04/2023 16:12:32: Iniciando sessão 1
19/04/2023 16:18:14: Iniciando sessão 1
19/04/2023 16:18:51: Iniciando sessão 1
19/04/2023 16:19:16: Iniciando sessão 1
19/04/2023 16:19:34: Iniciando sessão 1
19/04/2023 16:21:17: Iniciando sessão 1
19/04/2023 16:21:50: Iniciando sessão 1
19/04/2023 16:22:07: Iniciando sessão 1
19/04/2023 16:22:38: Iniciando sessão 1
19/04/2023 16:23:16: Iniciando sessão 1
19/04/2023 16:23:31: Iniciando sessão 1
19/04/2023 16:28:02: Iniciando sessão 1
19/04/2023 16:28:35: Iniciando sessão 1
19/04/2023 16:31:25: Iniciando sessão 1
19/04/2023 16:34:49: Iniciando sessão 1
19/04/2023 16:36:17: Iniciando sessão 1
19/04/2023 16:40:39: Iniciando sessão 1
19/04/2023 16:41:53: Iniciando sessão 1
19/04/2023 16:47:21: Iniciando sessão 1
19/04/2023 16:50:51: Iniciando sessão 1
19/04/2023 16:51:10: Iniciando sessão 1
19/04/2023 16:57:56: Iniciando sessão 1
19/04/2023 16:58:07: Iniciando sessão 1
19/04/2023 16:59:13: Iniciando sessão 1
19/04/2023 16:59:59: Iniciando sessão 1
19/04/2023 17:00:29: Iniciando sessão 1
19/04/2023 17:02:54: Iniciando sessão 1
19/04/2023 17:03:33: Iniciando sessão 1
19/04/2023 17:05:34: Iniciando sessão 1
19/04/2023 17:05:56: Iniciando sessão 1
19/04/2023 17:09:56: Iniciando sessão 1
19/04/2023 17:11:01: Iniciando sessão 1
19/04/2023 17:11:17: Iniciando sessão 1
19/04/2023 17:11:29: Iniciando sessão 1
19/04/2023 17:12:31: Iniciando sessão 1
19/04/2023 17:12:45: Iniciando sessão 1
19/04/2023 17:13:14: Iniciando sessão 1
19/04/2023 17:14:03: Iniciando sessão 1
19/04/2023 17:15:45: Iniciando sessão 1
19/04/2023 17:17:19: Iniciando sessão 1
19/04/2023 17:18:04: Iniciando sessão 1
19/04/2023 17:19:03: Iniciando sessão 1
19/04/2023 17:22:55: Iniciando sessão 1
19/04/2023 17:23:14: Iniciando sessão 1
19/04/2023 17:25:03: Iniciando sessão 1
19/04/2023 17:25:46: Iniciando sessão 1
19/04/2023 17:26:42: Iniciando sessão 1
19/04/2023 17:29:05: Iniciando sessão 1
19/04/2023 17:30:55: Iniciando sessão 1
19/04/2023 17:31:21: Iniciando sessão 1
19/04/2023 17:32:02: Iniciando sessão 1
19/04/2023 17:32:33: Iniciando sessão 1
19/04/2023 17:33:42: Iniciando sessão 1
19/04/2023 17:33:54: Iniciando sessão 1
19/04/2023 17:34:30: Iniciando sessão 1
19/04/2023 17:35:01: Iniciando sessão 1
19/04/2023 17:35:56: Iniciando sessão 1
19/04/2023 17:38:40: Iniciando sessão 1
19/04/2023 17:40:23: Iniciando sessão 1
09/05/2023 13:23:24: Iniciando sessão 1
09/05/2023 15:02:34: Iniciando sessão 1
09/05/2023 15:04:20: Iniciando sessão 1
09/05/2023 15:06:09: Iniciando sessão 1
09/05/2023 15:10:20: Iniciando sessão 1
09/05/2023 15:12:41: Iniciando sessão 1
09/05/2023 15:27:12: Iniciando sessão 1
09/05/2023 15:37:36: Iniciando sessão 1
09/05/2023 15:56:04: Iniciando sessão 1
09/05/2023 16:00:25: Iniciando sessão 1
09/05/2023 16:00:41: Iniciando sessão 1
09/05/2023 16:01:46: Iniciando sessão 1
09/05/2023 16:08:13: Iniciando sessão 1
09/05/2023 18:00:44: Iniciando sessão 1
23/05/2023 12:45:33: Iniciando sessão 1
23/05/2023 13:47:28: Iniciando sessão 1
23/05/2023 13:48:19: Iniciando sessão 1
23/05/2023 13:48:44: Iniciando sessão 1
23/05/2023 14:18:37: Iniciando sessão 1
23/05/2023 14:23:01: Iniciando sessão 1
23/05/2023 14:46:31: Iniciando sessão 1
23/05/2023 14:49:51: Iniciando sessão 1
23/05/2023 14:54:20: Iniciando sessão 1
23/05/2023 14:54:41: Iniciando sessão 1
23/05/2023 14:55:00: Iniciando sessão 1
23/05/2023 19:14:26: Iniciando sessão 1
23/05/2023 19:14:59: Iniciando sessão 1
23/05/2023 19:15:24: Iniciando sessão 1
23/05/2023 19:20:13: Iniciando sessão 1
25/05/2023 17:39:45: Iniciando sessão 1
25/05/2023 17:42:57: Iniciando sessão 1
25/05/2023 17:54:41: Iniciando sessão 1
26/05/2023 16:06:45: Iniciando sessão 1
26/05/2023 16:06:53: Iniciando sessão 1
26/05/2023 18:22:27: Iniciando sessão 1
29/05/2023 14:50:41: Iniciando sessão 1
29/05/2023 14:50:58: Iniciando sessão 1
29/05/2023 16:12:26: Iniciando sessão 1
29/05/2023 16:15:05: Iniciando sessão 1
29/05/2023 16:16:16: Iniciando sessão 1
29/05/2023 16:30:53: Iniciando sessão 1
29/05/2023 17:10:19: Iniciando sessão 1
29/05/2023 17:10:36: Iniciando sessão 1
29/05/2023 17:10:47: Iniciando sessão 1
29/05/2023 17:14:03: Iniciando sessão 1
29/05/2023 17:31:06: Iniciando sessão 1
29/05/2023 17:32:45: Iniciando sessão 1
29/05/2023 17:34:24: Iniciando sessão 1
29/05/2023 17:44:39: Iniciando sessão 2
29/05/2023 17:46:20: Iniciando sessão 2
29/05/2023 17:48:33: Iniciando sessão 1
29/05/2023 17:51:21: Iniciando sessão 1
29/05/2023 17:58:11: Iniciando sessão 1
29/05/2023 18:01:44: Iniciando sessão 1
29/05/2023 18:07:34: Iniciando sessão 1
29/05/2023 18:11:23: Iniciando sessão 1
29/05/2023 18:14:32: Iniciando sessão 1
29/05/2023 20:02:58: Iniciando sessão 1
29/05/2023 20:04:32: Iniciando sessão 1
29/05/2023 20:11:52: Iniciando sessão 1
29/05/2023 20:28:43: Iniciando sessão 1
30/05/2023 16:01:33: Iniciando sessão 1
30/05/2023 16:05:06: Iniciando sessão 1
30/05/2023 16:10:16: Iniciando sessão 1
30/05/2023 16:13:55: Iniciando sessão 1
30/05/2023 16:25:40: Iniciando sessão 1
30/05/2023 16:29:11: Iniciando sessão 1
30/05/2023 16:52:47: Iniciando sessão 1
30/05/2023 16:56:21: Iniciando sessão 1
30/05/2023 16:59:27: Iniciando sessão 1
30/05/2023 17:03:09: Iniciando sessão 1
30/05/2023 17:10:50: Iniciando sessão 1
30/05/2023 17:18:03: Iniciando sessão 1
30/05/2023 17:33:57: Iniciando sessão 1
30/05/2023 18:07:10: Iniciando sessão 1
30/05/2023 18:10:31: Iniciando sessão 1
31/05/2023 21:17:03: Iniciando sessão 1
01/06/2023 15:17:03: Iniciando sessão 1
01/06/2023 15:17:03: Iniciando sessão 1
01/06/2023 15:25:49: Cena: InibicaoRespostaDD
01/06/2023 15:25:50: Iniciando sessão 1
01/06/2023 15:28:33: PlayerID123456789
01/06/2023 15:28:34: Cena: EscolhaImpulsivaDD
01/06/2023 15:28:36: Iniciando sessão 1
01/06/2023 15:40:16: Cena: Menu
01/06/2023 15:40:16: Total Sessions: 1
01/06/2023 15:40:16: Total Blocks: 1
01/06/2023 15:40:16: Total Attempts: 6
01/06/2023 15:40:16: DeltaT Inicial: 7
01/06/2023 15:40:16: DeltaT Inferior: 1
01/06/2023 15:40:16: DeltaT Superior: 15
01/06/2023 15:40:16: Tempo de Escolha: 2
01/06/2023 15:40:16: Dano maior: 100
01/06/2023 15:40:18: Iniciando sessão 1
01/06/2023 15:40:28: Cena: EscolhaImpulsivaDD
01/06/2023 15:40:28: Total Sessions: 1
01/06/2023 15:40:28: Total Blocks: 1
01/06/2023 15:40:28: Total Attempts: 6
01/06/2023 15:40:28: DeltaT Inicial: 7
01/06/2023 15:40:28: DeltaT Inferior: 1
01/06/2023 15:40:28: DeltaT Superior: 15
01/06/2023 15:40:28: Tempo de Escolha: 2
01/06/2023 15:40:28: Dano maior: 100
01/06/2023 15:40:29: Iniciando sessão 1
01/06/2023 17:27:08: Cena: InibicaoRespostaDD
01/06/2023 17:27:08: Total Sessions: 1
01/06/2023 17:27:08: Total Blocks: 1
01/06/2023 17:27:08: Total Attempts: 6
01/06/2023 17:27:08: DeltaT Inicial: 7
01/06/2023 17:27:08: DeltaT Inferior: 1
01/06/2023 17:27:08: DeltaT Superior: 15
01/06/2023 17:27:08: Tempo total da tentativa: 10
01/06/2023 17:27:08: Tempo de Escolha: 2
01/06/2023 17:27:08: Dano maior: 100
01/06/2023 17:27:09: Iniciando sessão 1
01/06/2023 17:27:09: Iniciando bloco 1
01/06/2023 17:27:09: Iniciando tentativa 1
01/06/2023 17:27:09: Spawn do Inimigo. Distância: 6,844148
01/06/2023 17:27:12: A escolha foi Imediata
01/06/2023 17:27:12: Jogador escolheu 'Imediato': IET iniciado = 7,551726
02/06/2023 15:59:50: PlayerID: 123456789
02/06/2023 15:59:50: Cena: EscolhaImpulsivaDD
02/06/2023 15:59:50: Total Sessions: 1
02/06/2023 15:59:50: Total Blocks: 1
02/06/2023 15:59:50: Total Attempts: 6
02/06/2023 15:59:50: DeltaT Inicial: 7
02/06/2023 15:59:50: DeltaT Inferior: 1
02/06/2023 15:59:50: DeltaT Superior: 15
02/06/2023 15:59:50: Tempo total da tentativa: 10
02/06/2023 15:59:50: Tempo de Escolha: 2
02/06/2023 15:59:50: Dano maior: 100
02/06/2023 15:59:51: Iniciando sessão 1
02/06/2023 15:59:51: Iniciando bloco 1
02/06/2023 15:59:51: Iniciando tentativa 1
02/06/2023 15:59:51: Spawn do Inimigo. Distância: 7,726363
02/06/2023 15:59:53: A escolha foi Nenhuma. Repetindo tentativa.
02/06/2023 15:59:53: Jogador não escolheu: IET iniciado = 10
02/06/2023 16:00:14: PlayerID: 123456789
02/06/2023 16:00:16: Cena: EscolhaImpulsivaDD
02/06/2023 16:00:16: Total Sessions: 1
02/06/2023 16:00:16: Total Blocks: 1
02/06/2023 16:00:16: Total Attempts: 6
02/06/2023 16:00:16: DeltaT Inicial: 7
02/06/2023 16:00:16: DeltaT Inferior: 1
02/06/2023 16:00:16: DeltaT Superior: 15
02/06/2023 16:00:16: Tempo total da tentativa: 10
02/06/2023 16:00:16: Tempo de Escolha: 2
02/06/2023 16:00:16: Dano maior: 100
02/06/2023 16:00:17: Iniciando sessão 1
02/06/2023 16:00:17: Iniciando bloco 1
02/06/2023 16:00:17: Iniciando tentativa 1
02/06/2023 16:00:17: Spawn do Inimigo. Distância: 7,22819
02/06/2023 16:00:19: A escolha foi Imediata
02/06/2023 16:00:19: Jogador escolheu 'Imediato': IET iniciado = 10
02/06/2023 16:14:37: Cena: InibicaoRespostaDD
02/06/2023 16:14:37: Total Sessions: 1
02/06/2023 16:14:37: Total Blocks: 1
02/06/2023 16:14:37: Total Attempts: 6
02/06/2023 16:14:37: DeltaT Inicial: 7
02/06/2023 16:14:37: DeltaT Inferior: 1
02/06/2023 16:14:37: DeltaT Superior: 15
02/06/2023 16:14:37: Tempo total da tentativa: 10
02/06/2023 16:14:37: Tempo de Escolha: 2
02/06/2023 16:14:37: Dano maior: 100
02/06/2023 16:14:39: Iniciando sessão 1
02/06/2023 16:14:39: Iniciando bloco 1
02/06/2023 16:14:39: Iniciando tentativa 1
02/06/2023 16:14:39: Spawn do Inimigo. Distância: 5,684868
02/06/2023 16:15:08: Cena: InibicaoRespostaDD
02/06/2023 16:15:08: Total Sessions: 1
02/06/2023 16:15:08: Total Blocks: 1
02/06/2023 16:15:08: Total Attempts: 6
02/06/2023 16:15:08: DeltaT Inicial: 7
02/06/2023 16:15:08: DeltaT Inferior: 1
02/06/2023 16:15:08: DeltaT Superior: 15
02/06/2023 16:15:08: Tempo total da tentativa: 10
02/06/2023 16:15:08: Tempo de Escolha: 2
02/06/2023 16:15:08: Dano maior: 100
02/06/2023 16:15:09: Iniciando sessão 1
02/06/2023 16:15:09: Iniciando bloco 1
02/06/2023 16:15:09: Iniciando tentativa 1
02/06/2023 16:15:09: Spawn do Inimigo. Distância: 3,296612
02/06/2023 16:15:20: Cena: InibicaoRespostaDD
02/06/2023 16:15:20: Total Sessions: 1
02/06/2023 16:15:20: Total Blocks: 1
02/06/2023 16:15:20: Total Attempts: 6
02/06/2023 16:15:20: DeltaT Inicial: 7
02/06/2023 16:15:20: DeltaT Inferior: 1
02/06/2023 16:15:20: DeltaT Superior: 15
02/06/2023 16:15:20: Tempo total da tentativa: 10
02/06/2023 16:15:20: Tempo de Escolha: 2
02/06/2023 16:15:20: Dano maior: 100
02/06/2023 16:15:48: Cena: InibicaoRespostaDD
02/06/2023 16:15:48: Total Sessions: 1
02/06/2023 16:15:48: Total Blocks: 1
02/06/2023 16:15:48: Total Attempts: 6
02/06/2023 16:15:48: DeltaT Inicial: 7
02/06/2023 16:15:48: DeltaT Inferior: 1
02/06/2023 16:15:48: DeltaT Superior: 15
02/06/2023 16:15:48: Tempo total da tentativa: 10
02/06/2023 16:15:48: Tempo de Escolha: 2
02/06/2023 16:15:48: Dano maior: 100
02/06/2023 16:15:49: Iniciando sessão 1
02/06/2023 16:15:49: Iniciando bloco 1
02/06/2023 16:15:49: Iniciando tentativa 1
02/06/2023 16:15:49: Spawn do Inimigo. Distância: 3,214526
02/06/2023 16:16:05: Cena: InibicaoRespostaDD
02/06/2023 16:16:05: Total Sessions: 1
02/06/2023 16:16:05: Total Blocks: 1
02/06/2023 16:16:05: Total Attempts: 6
02/06/2023 16:16:05: DeltaT Inicial: 7
02/06/2023 16:16:05: DeltaT Inferior: 1
02/06/2023 16:16:05: DeltaT Superior: 15
02/06/2023 16:16:05: Tempo total da tentativa: 10
02/06/2023 16:16:05: Tempo de Escolha: 2
02/06/2023 16:16:05: Dano maior: 100
02/06/2023 16:16:06: Iniciando sessão 1
02/06/2023 16:16:06: Iniciando bloco 1
02/06/2023 16:16:06: Iniciando tentativa 1
02/06/2023 16:16:06: Spawn do Inimigo. Distância: 4,490167
02/06/2023 16:16:15: Cena: InibicaoRespostaDD
02/06/2023 16:16:15: Total Sessions: 1
02/06/2023 16:16:15: Total Blocks: 1
02/06/2023 16:16:15: Total Attempts: 6
02/06/2023 16:16:15: DeltaT Inicial: 7
02/06/2023 16:16:15: DeltaT Inferior: 1
02/06/2023 16:16:15: DeltaT Superior: 15
02/06/2023 16:16:15: Tempo total da tentativa: 10
02/06/2023 16:16:15: Tempo de Escolha: 2
02/06/2023 16:16:15: Dano maior: 100
02/06/2023 16:16:16: Iniciando sessão 1
02/06/2023 16:16:16: Iniciando bloco 1
02/06/2023 16:16:16: Iniciando tentativa 1
02/06/2023 16:16:16: Spawn do Inimigo. Distância: 9,566743
02/06/2023 16:17:41: Cena: InibicaoRespostaDD
02/06/2023 16:17:41: Total Sessions: 1
02/06/2023 16:17:41: Total Blocks: 1
02/06/2023 16:17:41: Total Attempts: 6
02/06/2023 16:17:41: DeltaT Inicial: 7
02/06/2023 16:17:41: DeltaT Inferior: 1
02/06/2023 16:17:41: DeltaT Superior: 15
02/06/2023 16:17:41: Tempo total da tentativa: 10
02/06/2023 16:17:41: Tempo de Escolha: 2
02/06/2023 16:17:41: Dano maior: 100
02/06/2023 16:17:42: Iniciando sessão 1
02/06/2023 16:17:42: Iniciando bloco 1
02/06/2023 16:17:42: Iniciando tentativa 1
02/06/2023 16:17:42: Spawn do Inimigo. Distância: 5,796328
02/06/2023 16:17:59: Cena: InibicaoRespostaDD
02/06/2023 16:17:59: Total Sessions: 1
02/06/2023 16:17:59: Total Blocks: 1
02/06/2023 16:17:59: Total Attempts: 6
02/06/2023 16:17:59: DeltaT Inicial: 7
02/06/2023 16:17:59: DeltaT Inferior: 1
02/06/2023 16:17:59: DeltaT Superior: 15
02/06/2023 16:17:59: Tempo total da tentativa: 10
02/06/2023 16:17:59: Tempo de Escolha: 2
02/06/2023 16:17:59: Dano maior: 100
02/06/2023 16:18:00: Iniciando sessão 1
02/06/2023 16:18:00: Iniciando bloco 1
02/06/2023 16:18:00: Iniciando tentativa 1
02/06/2023 16:18:00: Spawn do Inimigo. Distância: 3,609371
02/06/2023 16:21:13: Cena: InibicaoRespostaDD
02/06/2023 16:21:13: Total Sessions: 1
02/06/2023 16:21:13: Total Blocks: 1
02/06/2023 16:21:13: Total Attempts: 6
02/06/2023 16:21:13: DeltaT Inicial: 7
02/06/2023 16:21:13: DeltaT Inferior: 1
02/06/2023 16:21:13: DeltaT Superior: 15
02/06/2023 16:21:13: Tempo total da tentativa: 10
02/06/2023 16:21:13: Tempo de Escolha: 2
02/06/2023 16:21:13: Dano maior: 100
02/06/2023 16:21:15: Iniciando sessão 1
02/06/2023 16:21:15: Iniciando bloco 1
02/06/2023 16:21:15: Iniciando tentativa 1
02/06/2023 16:21:15: Spawn do Inimigo. Distância: 4,254596
02/06/2023 16:21:20: A escolha foi Imediata
02/06/2023 16:21:20: Jogador escolheu 'Imediato': IET iniciado = 5,107107
02/06/2023 16:21:25: Jogador escolheu 'Imediato': IET finalizado = 5,107107
02/06/2023 16:21:25: Iniciando tentativa 2
02/06/2023 16:21:25: Spawn do Inimigo. Distância: 5,782819
02/06/2023 16:21:33: A escolha foi Atrasada
02/06/2023 16:21:33: Jogador  escolheu 'Atrasado': IET Iniciado = 3
02/06/2023 16:21:36: Jogador  escolheu 'Atrasado': IET finalizado = 3
02/06/2023 16:21:36: Iniciando tentativa 3
02/06/2023 16:21:36: Spawn do Inimigo. Distância: 3,948672
02/06/2023 16:22:18: Cena: InibicaoRespostaDD
02/06/2023 16:22:18: Total Sessions: 1
02/06/2023 16:22:18: Total Blocks: 1
02/06/2023 16:22:18: Total Attempts: 6
02/06/2023 16:22:18: DeltaT Inicial: 7
02/06/2023 16:22:18: DeltaT Inferior: 1
02/06/2023 16:22:18: DeltaT Superior: 15
02/06/2023 16:22:18: Tempo total da tentativa: 10
02/06/2023 16:22:18: Tempo de Escolha: 2
02/06/2023 16:22:18: Dano maior: 100
02/06/2023 16:22:19: Iniciando sessão 1
02/06/2023 16:22:19: Iniciando bloco 1
02/06/2023 16:22:19: Iniciando tentativa 1
02/06/2023 16:22:19: Spawn do Inimigo. Distância: 5,574136
02/06/2023 16:22:51: Cena: InibicaoRespostaDD
02/06/2023 16:22:51: Total Sessions: 1
02/06/2023 16:22:51: Total Blocks: 1
02/06/2023 16:22:51: Total Attempts: 6
02/06/2023 16:22:51: DeltaT Inicial: 7
02/06/2023 16:22:51: DeltaT Inferior: 1
02/06/2023 16:22:51: DeltaT Superior: 15
02/06/2023 16:22:51: Tempo total da tentativa: 10
02/06/2023 16:22:51: Tempo de Escolha: 2
02/06/2023 16:22:51: Dano maior: 100
02/06/2023 16:22:52: Iniciando sessão 1
02/06/2023 16:22:52: Iniciando bloco 1
02/06/2023 16:22:52: Iniciando tentativa 1
02/06/2023 16:22:52: Spawn do Inimigo. Distância: 7,601613
02/06/2023 16:22:54: A escolha foi Imediata
02/06/2023 16:22:54: Jogador escolheu 'Imediato': IET iniciado = 8,785213
02/06/2023 16:23:02: Jogador escolheu 'Imediato': IET finalizado = 8,785213
02/06/2023 16:23:02: Iniciando tentativa 2
02/06/2023 16:23:02: Spawn do Inimigo. Distância: 8,807086
02/06/2023 16:23:11: A escolha foi Nenhuma. Repetindo tentativa.
02/06/2023 16:23:11: Jogador não escolheu: IET iniciado = 3
02/06/2023 16:23:38: Cena: InibicaoRespostaDD
02/06/2023 16:23:38: Total Sessions: 1
02/06/2023 16:23:38: Total Blocks: 1
02/06/2023 16:23:38: Total Attempts: 6
02/06/2023 16:23:38: DeltaT Inicial: 7
02/06/2023 16:23:38: DeltaT Inferior: 1
02/06/2023 16:23:38: DeltaT Superior: 15
02/06/2023 16:23:38: Tempo total da tentativa: 10
02/06/2023 16:23:38: Tempo de Escolha: 2
02/06/2023 16:23:38: Dano maior: 100
02/06/2023 16:23:40: Iniciando sessão 1
02/06/2023 16:23:40: Iniciando bloco 1
02/06/2023 16:23:40: Iniciando tentativa 1
02/06/2023 16:23:40: Spawn do Inimigo. Distância: 4,358416
02/06/2023 16:23:41: A escolha foi Imediata
02/06/2023 16:23:41: Jogador escolheu 'Imediato': IET iniciado = 8,37487
02/06/2023 16:23:50: Jogador escolheu 'Imediato': IET finalizado = 8,37487
02/06/2023 16:23:50: Iniciando tentativa 2
02/06/2023 16:23:50: Spawn do Inimigo. Distância: 8,013202
02/06/2023 16:23:59: A escolha foi Nenhuma. Repetindo tentativa.
02/06/2023 16:23:59: Jogador não escolheu: IET iniciado = 3
02/06/2023 16:24:02: Jogador não escolheu: IET finalizado = 3
02/06/2023 16:24:02: Iniciando tentativa 2
02/06/2023 16:24:02: Spawn do Inimigo. Distância: 4,991968
02/06/2023 16:24:56: Cena: InibicaoRespostaDD
02/06/2023 16:24:56: Total Sessions: 1
02/06/2023 16:24:56: Total Blocks: 1
02/06/2023 16:24:56: Total Attempts: 6
02/06/2023 16:24:56: DeltaT Inicial: 7
02/06/2023 16:24:56: DeltaT Inferior: 1
02/06/2023 16:24:56: DeltaT Superior: 15
02/06/2023 16:24:56: Tempo total da tentativa: 10
02/06/2023 16:24:56: Tempo de Escolha: 2
02/06/2023 16:24:56: Dano maior: 100
02/06/2023 16:25:01: Cena: InibicaoRespostaDD
02/06/2023 16:25:01: Total Sessions: 1
02/06/2023 16:25:01: Total Blocks: 1
02/06/2023 16:25:01: Total Attempts: 6
02/06/2023 16:25:01: DeltaT Inicial: 7
02/06/2023 16:25:01: DeltaT Inferior: 1
02/06/2023 16:25:01: DeltaT Superior: 15
02/06/2023 16:25:01: Tempo total da tentativa: 10
02/06/2023 16:25:01: Tempo de Escolha: 2
02/06/2023 16:25:01: Dano maior: 100
02/06/2023 16:25:02: Iniciando sessão 1
02/06/2023 16:25:02: Iniciando bloco 1
02/06/2023 16:25:02: Iniciando tentativa 1
02/06/2023 16:25:02: Spawn do Inimigo. Distância: 5,102754
02/06/2023 16:25:03: A escolha foi Imediata
02/06/2023 16:25:03: Jogador escolheu 'Imediato': IET iniciado = 9,007352
02/06/2023 16:25:12: Jogador escolheu 'Imediato': IET finalizado = 9,007352
02/06/2023 16:25:12: Iniciando tentativa 2
02/06/2023 16:25:12: Spawn do Inimigo. Distância: 4,879601
02/06/2023 16:52:52: Cena: InibicaoRespostaDD
02/06/2023 16:52:52: Total Sessions: 1
02/06/2023 16:52:52: Total Blocks: 1
02/06/2023 16:52:52: Total Attempts: 6
02/06/2023 16:52:52: DeltaT Inicial: 7
02/06/2023 16:52:52: DeltaT Inferior: 1
02/06/2023 16:52:52: DeltaT Superior: 15
02/06/2023 16:52:52: Tempo total da tentativa: 10
02/06/2023 16:52:52: Tempo de Escolha: 2
02/06/2023 16:52:52: Dano maior: 100
02/06/2023 16:52:52: Cena: InibicaoRespostaDD
02/06/2023 16:52:52: Total Sessions: 1
02/06/2023 16:52:52: Total Blocks: 1
02/06/2023 16:52:52: Total Attempts: 6
02/06/2023 16:52:52: DeltaT Inicial: 7
02/06/2023 16:52:52: DeltaT Inferior: 1
02/06/2023 16:52:52: DeltaT Superior: 15
02/06/2023 16:52:52: Tempo total da tentativa: 10
02/06/2023 16:52:52: Tempo de Escolha: 2
02/06/2023 16:52:52: Dano maior: 100
02/06/2023 16:52:53: Iniciando sessão 1
02/06/2023 16:52:53: Iniciando bloco 1
02/06/2023 16:52:53: Iniciando tentativa 1
02/06/2023 16:52:53: Spawn do Inimigo. Distância: 9,529263
02/06/2023 16:52:53: Iniciando sessão 1
02/06/2023 16:52:53: Iniciando bloco 1
02/06/2023 16:52:53: Iniciando tentativa 1
02/06/2023 16:52:53: Spawn do Inimigo. Distância: 6,890408
02/06/2023 16:52:55: A escolha foi Imediata
02/06/2023 16:52:55: Jogador escolheu 'Imediato': IET iniciado = 10
02/06/2023 16:52:55: A escolha foi Imediata
02/06/2023 16:52:55: Jogador escolheu 'Imediato': IET iniciado = 8,199046
02/06/2023 16:54:56: Cena: InibicaoRespostaDD
02/06/2023 16:54:56: Total Sessions: 1
02/06/2023 16:54:56: Total Blocks: 1
02/06/2023 16:54:56: Total Attempts: 6
02/06/2023 16:54:56: DeltaT Inicial: 7
02/06/2023 16:54:56: DeltaT Inferior: 1
02/06/2023 16:54:56: DeltaT Superior: 15
02/06/2023 16:54:56: Tempo total da tentativa: 10
02/06/2023 16:54:56: Tempo de Escolha: 2
02/06/2023 16:54:56: Dano maior: 100
02/06/2023 16:54:56: Cena: InibicaoRespostaDD
02/06/2023 16:54:56: Total Sessions: 1
02/06/2023 16:54:56: Total Blocks: 1
02/06/2023 16:54:56: Total Attempts: 6
02/06/2023 16:54:56: DeltaT Inicial: 7
02/06/2023 16:54:56: DeltaT Inferior: 1
02/06/2023 16:54:56: DeltaT Superior: 15
02/06/2023 16:54:56: Tempo total da tentativa: 10
02/06/2023 16:54:56: Tempo de Escolha: 2
02/06/2023 16:54:56: Dano maior: 100
02/06/2023 16:55:06: Cena: InibicaoRespostaDD
02/06/2023 16:55:06: Total Sessions: 1
02/06/2023 16:55:06: Total Blocks: 1
02/06/2023 16:55:06: Total Attempts: 6
02/06/2023 16:55:06: DeltaT Inicial: 7
02/06/2023 16:55:06: DeltaT Inferior: 1
02/06/2023 16:55:06: DeltaT Superior: 15
02/06/2023 16:55:06: Tempo total da tentativa: 10
02/06/2023 16:55:06: Tempo de Escolha: 2
02/06/2023 16:55:06: Dano maior: 100
02/06/2023 16:55:08: Iniciando sessão 1
02/06/2023 16:55:08: Iniciando bloco 1
02/06/2023 16:55:08: Iniciando tentativa 1
02/06/2023 16:55:08: Spawn do Inimigo. Distância: 3,44927
02/06/2023 16:55:09: A escolha foi Imediata
02/06/2023 16:55:09: Jogador escolheu 'Imediato': IET iniciado = 8,510411
02/06/2023 16:55:18: Jogador escolheu 'Imediato': IET finalizado = 8,510411
02/06/2023 16:55:18: Iniciando tentativa 2
02/06/2023 16:55:18: Spawn do Inimigo. Distância: 8,196578
02/06/2023 16:55:25: A escolha foi Atrasada
02/06/2023 16:55:25: Jogador  escolheu 'Atrasado': IET Iniciado = 3
02/06/2023 16:57:56: Cena: InibicaoRespostaDD
02/06/2023 16:57:56: Total Sessions: 1
02/06/2023 16:57:56: Total Blocks: 1
02/06/2023 16:57:56: Total Attempts: 6
02/06/2023 16:57:56: DeltaT Inicial: 7
02/06/2023 16:57:56: DeltaT Inferior: 1
02/06/2023 16:57:56: DeltaT Superior: 15
02/06/2023 16:57:56: Tempo total da tentativa: 10
02/06/2023 16:57:56: Tempo de Escolha: 2
02/06/2023 16:57:56: Dano maior: 100
02/06/2023 16:57:57: Iniciando sessão 1
02/06/2023 16:57:57: Iniciando bloco 1
02/06/2023 16:57:57: Iniciando tentativa 1
02/06/2023 16:57:57: Spawn do Inimigo. Distância: 4,784174
02/06/2023 16:57:58: A escolha foi Imediata
02/06/2023 16:57:58: Jogador escolheu 'Imediato': IET iniciado = 8,827736
02/06/2023 16:58:07: Jogador escolheu 'Imediato': IET finalizado = 8,827736
02/06/2023 16:58:07: Iniciando tentativa 2
02/06/2023 16:58:07: Spawn do Inimigo. Distância: 8,623931
02/06/2023 16:58:16: A escolha foi Nenhuma. Repetindo tentativa.
02/06/2023 16:58:16: Jogador não escolheu: IET iniciado = 3
02/06/2023 16:58:19: Jogador não escolheu: IET finalizado = 3
02/06/2023 16:58:19: Iniciando tentativa 2
02/06/2023 16:58:19: Spawn do Inimigo. Distância: 7,515497
02/06/2023 16:59:09: Cena: InibicaoRespostaDD
02/06/2023 16:59:09: Total Sessions: 1
02/06/2023 16:59:09: Total Blocks: 1
02/06/2023 16:59:09: Total Attempts: 6
02/06/2023 16:59:09: DeltaT Inicial: 7
02/06/2023 16:59:09: DeltaT Inferior: 1
02/06/2023 16:59:09: DeltaT Superior: 15
02/06/2023 16:59:09: Tempo total da tentativa: 10
02/06/2023 16:59:09: Tempo de Escolha: 2
02/06/2023 16:59:09: Dano maior: 100
02/06/2023 16:59:10: Iniciando sessão 1
02/06/2023 16:59:10: Iniciando bloco 1
02/06/2023 16:59:10: Iniciando tentativa 1
02/06/2023 16:59:10: Spawn do Inimigo. Distância: 8,940172
02/06/2023 16:59:11: A escolha foi Imediata
02/06/2023 16:59:11: Jogador escolheu 'Imediato': IET iniciado = 9,095532
02/06/2023 16:59:20: Jogador escolheu 'Imediato': IET finalizado = 9,095532
02/06/2023 16:59:20: Iniciando tentativa 2
02/06/2023 16:59:20: Spawn do Inimigo. Distância: 9,271226
02/06/2023 16:59:28: A escolha foi Atrasada
02/06/2023 16:59:28: Jogador  escolheu 'Atrasado': IET Iniciado = 3
02/06/2023 17:00:14: Cena: EscolhaImpulsivaDD
02/06/2023 17:00:14: Total Sessions: 1
02/06/2023 17:00:14: Total Blocks: 1
02/06/2023 17:00:14: Total Attempts: 6
02/06/2023 17:00:14: DeltaT Inicial: 7
02/06/2023 17:00:14: DeltaT Inferior: 1
02/06/2023 17:00:14: DeltaT Superior: 15
02/06/2023 17:00:14: Tempo total da tentativa: 10
02/06/2023 17:00:14: Tempo de Escolha: 2
02/06/2023 17:00:14: Dano maior: 100
02/06/2023 17:00:15: Iniciando sessão 1
02/06/2023 17:00:15: Iniciando bloco 1
02/06/2023 17:00:15: Iniciando tentativa 1
02/06/2023 17:00:15: Spawn do Inimigo. Distância: 4,816096
02/06/2023 17:00:17: A escolha foi Imediata
02/06/2023 17:00:17: Jogador escolheu 'Imediato': IET iniciado = 10
02/06/2023 17:00:27: Jogador escolheu 'Imediato': IET finalizado = 10
02/06/2023 17:00:27: Iniciando tentativa 2
02/06/2023 17:00:27: Spawn do Inimigo. Distância: 3,950115
02/06/2023 17:00:29: A escolha foi Nenhuma. Repetindo tentativa.
02/06/2023 17:00:29: Jogador não escolheu: IET iniciado = 10
02/06/2023 18:14:11: Cena: EscolhaImpulsivaDD
02/06/2023 18:14:11: Total Sessions: 1
02/06/2023 18:14:11: Total Blocks: 1
02/06/2023 18:14:11: Total Attempts: 6
02/06/2023 18:14:11: DeltaT Inicial: 7
02/06/2023 18:14:11: DeltaT Inferior: 1
02/06/2023 18:14:11: DeltaT Superior: 15
02/06/2023 18:14:11: Tempo total da tentativa: 10
02/06/2023 18:14:11: Tempo de Escolha: 2
02/06/2023 18:14:11: Dano maior: 100
02/06/2023 18:14:12: Iniciando sessão 1
02/06/2023 18:14:12: Iniciando bloco 1
02/06/2023 18:14:12: Iniciando tentativa 1
02/06/2023 18:14:12: Spawn do Inimigo. Distância: 4,797441
02/06/2023 18:14:14: A escolha foi Nenhuma. Repetindo tentativa.
02/06/2023 18:14:14: Jogador não escolheu: IET iniciado = 10
02/06/2023 18:45:29: Cena: EscolhaImpulsivaDD
02/06/2023 18:45:30: Total Sessions: 1
02/06/2023 18:45:30: Total Blocks: 1
02/06/2023 18:45:30: Total Attempts: 6
02/06/2023 18:45:30: DeltaT Inicial: 7
02/06/2023 18:45:30: DeltaT Inferior: 1
02/06/2023 18:45:30: DeltaT Superior: 15
02/06/2023 18:45:30: Tempo total da tentativa: 10
02/06/2023 18:45:30: Tempo de Escolha: 2
02/06/2023 18:45:30: Dano maior: 100
02/06/2023 18:52:33: Cena: EscolhaImpulsivaDD
02/06/2023 18:52:33: Total Sessions: 1
02/06/2023 18:52:33: Total Blocks: 1
02/06/2023 18:52:33: Total Attempts: 6
02/06/2023 18:52:33: DeltaT Inicial: 7
02/06/2023 18:52:33: DeltaT Inferior: 1
02/06/2023 18:52:33: DeltaT Superior: 15
02/06/2023 18:52:33: Tempo total da tentativa: 10
02/06/2023 18:52:33: Tempo de Escolha: 2
02/06/2023 18:52:33: Dano maior: 100
02/06/2023 18:59:54: Cena: EscolhaImpulsivaDD
02/06/2023 18:59:54: Total Sessions: 1
02/06/2023 18:59:54: Total Blocks: 1
02/06/2023 18:59:54: Total Attempts: 6
02/06/2023 18:59:54: DeltaT Inicial: 7
02/06/2023 18:59:54: DeltaT Inferior: 1
02/06/2023 18:59:54: DeltaT Superior: 15
02/06/2023 18:59:54: Tempo total da tentativa: 10
02/06/2023 18:59:54: Tempo de Escolha: 2
02/06/2023 18:59:54: Dano maior: 100
02/06/2023 19:00:22: Cena: EscolhaImpulsivaDD
02/06/2023 19:00:22: Total Sessions: 1
02/06/2023 19:00:22: Total Blocks: 1
02/06/2023 19:00:22: Total Attempts: 6
02/06/2023 19:00:22: DeltaT Inicial: 7
02/06/2023 19:00:22: DeltaT Inferior: 1
02/06/2023 19:00:22: DeltaT Superior: 15
02/06/2023 19:00:22: Tempo total da tentativa: 10
02/06/2023 19:00:22: Tempo de Escolha: 2
02/06/2023 19:00:22: Dano maior: 100
02/06/2023 19:01:03: Cena: EscolhaImpulsivaDD
02/06/2023 19:01:03: Total Sessions: 1
02/06/2023 19:01:03: Total Blocks: 1
02/06/2023 19:01:03: Total Attempts: 6
02/06/2023 19:01:03: DeltaT Inicial: 7
02/06/2023 19:01:03: DeltaT Inferior: 1
02/06/2023 19:01:03: DeltaT Superior: 15
02/06/2023 19:01:03: Tempo total da tentativa: 10
02/06/2023 19:01:03: Tempo de Escolha: 2
02/06/2023 19:01:03: Dano maior: 100
02/06/2023 19:02:03: Cena: EscolhaImpulsivaDD
02/06/2023 19:02:03: Total Sessions: 1
02/06/2023 19:02:03: Total Blocks: 1
02/06/2023 19:02:03: Total Attempts: 6
02/06/2023 19:02:03: DeltaT Inicial: 7
02/06/2023 19:02:03: DeltaT Inferior: 1
02/06/2023 19:02:03: DeltaT Superior: 15
02/06/2023 19:02:03: Tempo total da tentativa: 10
02/06/2023 19:02:03: Tempo de Escolha: 2
02/06/2023 19:02:03: Dano maior: 100
02/06/2023 19:02:08: Iniciando sessão 1
02/06/2023 19:02:08: Iniciando bloco 1
02/06/2023 19:02:08: Iniciando tentativa 1
02/06/2023 19:02:08: Spawn do Inimigo. Distância: 5,145109
02/06/2023 19:02:10: A escolha foi Nenhuma. Repetindo tentativa.
02/06/2023 19:02:10: Jogador não escolheu: IET iniciado = 10
02/06/2023 19:03:47: Cena: EscolhaImpulsivaDD
02/06/2023 19:03:47: Total Sessions: 1
02/06/2023 19:03:47: Total Blocks: 1
02/06/2023 19:03:47: Total Attempts: 6
02/06/2023 19:03:47: DeltaT Inicial: 7
02/06/2023 19:03:47: DeltaT Inferior: 1
02/06/2023 19:03:47: DeltaT Superior: 15
02/06/2023 19:03:47: Tempo total da tentativa: 10
02/06/2023 19:03:47: Tempo de Escolha: 2
02/06/2023 19:03:47: Dano maior: 100
02/06/2023 19:03:49: Iniciando sessão 1
02/06/2023 19:03:49: Iniciando bloco 1
02/06/2023 19:03:49: Iniciando tentativa 1
02/06/2023 19:03:49: Spawn do Inimigo. Distância: 5,974344
02/06/2023 19:03:51: A escolha foi Nenhuma. Repetindo tentativa.
02/06/2023 19:03:51: Jogador não escolheu: IET iniciado = 10
02/06/2023 19:04:01: Jogador não escolheu: IET finalizado = 10
02/06/2023 19:04:01: Iniciando tentativa 1
02/06/2023 19:04:01: Spawn do Inimigo. Distância: 5,532099
02/06/2023 19:04:03: A escolha foi Nenhuma. Repetindo tentativa.
02/06/2023 19:04:03: Jogador não escolheu: IET iniciado = 10
02/06/2023 19:06:30: Cena: EscolhaImpulsivaDD
02/06/2023 19:06:30: Total Sessions: 1
02/06/2023 19:06:30: Total Blocks: 1
02/06/2023 19:06:30: Total Attempts: 6
02/06/2023 19:06:30: DeltaT Inicial: 7
02/06/2023 19:06:30: DeltaT Inferior: 1
02/06/2023 19:06:30: DeltaT Superior: 15
02/06/2023 19:06:30: Tempo total da tentativa: 10
02/06/2023 19:06:30: Tempo de Escolha: 2
02/06/2023 19:06:30: Dano maior: 100
02/06/2023 19:06:40: Iniciando sessão 1
02/06/2023 19:06:40: Iniciando bloco 1
02/06/2023 19:06:40: Iniciando tentativa 1
02/06/2023 19:06:40: Spawn do Inimigo. Distância: 9,841127
02/06/2023 19:06:42: A escolha foi Nenhuma. Repetindo tentativa.
02/06/2023 19:06:42: Jogador não escolheu: IET iniciado = 10
02/06/2023 19:09:30: Cena: EscolhaImpulsivaDD
02/06/2023 19:09:30: Total Sessions: 1
02/06/2023 19:09:30: Total Blocks: 1
02/06/2023 19:09:30: Total Attempts: 6
02/06/2023 19:09:30: DeltaT Inicial: 7
02/06/2023 19:09:30: DeltaT Inferior: 1
02/06/2023 19:09:30: DeltaT Superior: 15
02/06/2023 19:09:30: Tempo total da tentativa: 10
02/06/2023 19:09:30: Tempo de Escolha: 2
02/06/2023 19:09:30: Dano maior: 100
02/06/2023 19:31:14: Cena: EscolhaImpulsivaDD
02/06/2023 19:31:14: Total Sessions: 1
02/06/2023 19:31:14: Total Blocks: 1
02/06/2023 19:31:14: Total Attempts: 6
02/06/2023 19:31:14: DeltaT Inicial: 7
02/06/2023 19:31:14: DeltaT Inferior: 1
02/06/2023 19:31:14: DeltaT Superior: 15
02/06/2023 19:31:14: Tempo total da tentativa: 10
02/06/2023 19:31:14: Tempo de Escolha: 2
02/06/2023 19:31:14: Dano maior: 100
02/06/2023 19:32:20: Cena: EscolhaImpulsivaDD
02/06/2023 19:32:20: Total Sessions: 1
02/06/2023 19:32:20: Total Blocks: 1
02/06/2023 19:32:20: Total Attempts: 6
02/06/2023 19:32:20: DeltaT Inicial: 7
02/06/2023 19:32:20: DeltaT Inferior: 1
02/06/2023 19:32:20: DeltaT Superior: 15
02/06/2023 19:32:20: Tempo total da tentativa: 10
02/06/2023 19:32:20: Tempo de Escolha: 2
02/06/2023 19:32:20: Dano maior: 100
02/06/2023 19:33:22: Cena: EscolhaImpulsivaDD
02/06/2023 19:33:22: Total Sessions: 1
02/06/2023 19:33:22: Total Blocks: 1
02/06/2023 19:33:22: Total Attempts: 6
02/06/2023 19:33:22: DeltaT Inicial: 7
02/06/2023 19:33:22: DeltaT Inferior: 1
02/06/2023 19:33:22: DeltaT Superior: 15
02/06/2023 19:33:22: Tempo total da tentativa: 10
02/06/2023 19:33:22: Tempo de Escolha: 2
02/06/2023 19:33:22: Dano maior: 100
02/06/2023 19:34:34: Cena: EscolhaImpulsivaDD
02/06/2023 19:34:34: Total Sessions: 1
02/06/2023 19:34:34: Total Blocks: 1
02/06/2023 19:34:34: Total Attempts: 6
02/06/2023 19:34:34: DeltaT Inicial: 7
02/06/2023 19:34:34: DeltaT Inferior: 1
02/06/2023 19:34:34: DeltaT Superior: 15
02/06/2023 19:34:34: Tempo total da tentativa: 10
02/06/2023 19:34:34: Tempo de Escolha: 2
02/06/2023 19:34:34: Dano maior: 100
02/06/2023 19:35:10: Cena: EscolhaImpulsivaDD
02/06/2023 19:35:10: Total Sessions: 1
02/06/2023 19:35:10: Total Blocks: 1
02/06/2023 19:35:10: Total Attempts: 6
02/06/2023 19:35:10: DeltaT Inicial: 7
02/06/2023 19:35:10: DeltaT Inferior: 1
02/06/2023 19:35:10: DeltaT Superior: 15
02/06/2023 19:35:10: Tempo total da tentativa: 10
02/06/2023 19:35:10: Tempo de Escolha: 2
02/06/2023 19:35:10: Dano maior: 100
02/06/2023 19:35:55: Cena: EscolhaImpulsivaDD
02/06/2023 19:35:55: Total Sessions: 1
02/06/2023 19:35:55: Total Blocks: 1
02/06/2023 19:35:55: Total Attempts: 6
02/06/2023 19:35:55: DeltaT Inicial: 7
02/06/2023 19:35:55: DeltaT Inferior: 1
02/06/2023 19:35:55: DeltaT Superior: 15
02/06/2023 19:35:55: Tempo total da tentativa: 10
02/06/2023 19:35:55: Tempo de Escolha: 2
02/06/2023 19:35:55: Dano maior: 100
02/06/2023 19:36:02: Iniciando sessão 1
02/06/2023 19:36:02: Iniciando bloco 1
02/06/2023 19:36:02: Iniciando tentativa 1
02/06/2023 19:36:02: Spawn do Inimigo. Distância: 3,28647
02/06/2023 19:36:04: A escolha foi Nenhuma. Repetindo tentativa.
02/06/2023 19:36:04: Jogador não escolheu: IET iniciado = 10
02/06/2023 19:37:06: Cena: EscolhaImpulsivaDD
02/06/2023 19:37:06: Total Sessions: 1
02/06/2023 19:37:06: Total Blocks: 1
02/06/2023 19:37:06: Total Attempts: 6
02/06/2023 19:37:06: DeltaT Inicial: 7
02/06/2023 19:37:06: DeltaT Inferior: 1
02/06/2023 19:37:06: DeltaT Superior: 15
02/06/2023 19:37:06: Tempo total da tentativa: 10
02/06/2023 19:37:06: Tempo de Escolha: 2
02/06/2023 19:37:06: Dano maior: 100
02/06/2023 19:37:10: Iniciando sessão 1
02/06/2023 19:37:10: Iniciando bloco 1
02/06/2023 19:37:10: Iniciando tentativa 1
02/06/2023 19:37:10: Spawn do Inimigo. Distância: 6,630682
02/06/2023 19:37:12: A escolha foi Nenhuma. Repetindo tentativa.
02/06/2023 19:37:12: Jogador não escolheu: IET iniciado = 10
02/06/2023 19:37:29: Cena: EscolhaImpulsivaDD
02/06/2023 19:37:29: Total Sessions: 1
02/06/2023 19:37:29: Total Blocks: 1
02/06/2023 19:37:29: Total Attempts: 6
02/06/2023 19:37:29: DeltaT Inicial: 7
02/06/2023 19:37:29: DeltaT Inferior: 1
02/06/2023 19:37:29: DeltaT Superior: 15
02/06/2023 19:37:29: Tempo total da tentativa: 10
02/06/2023 19:37:29: Tempo de Escolha: 2
02/06/2023 19:37:29: Dano maior: 100
02/06/2023 19:37:32: Iniciando sessão 1
02/06/2023 19:37:32: Iniciando bloco 1
02/06/2023 19:37:32: Iniciando tentativa 1
02/06/2023 19:37:32: Spawn do Inimigo. Distância: 4,001507
02/06/2023 19:37:34: A escolha foi Nenhuma. Repetindo tentativa.
02/06/2023 19:37:34: Jogador não escolheu: IET iniciado = 10
02/06/2023 19:39:08: Cena: EscolhaImpulsivaDD
02/06/2023 19:39:08: Total Sessions: 1
02/06/2023 19:39:08: Total Blocks: 1
02/06/2023 19:39:08: Total Attempts: 6
02/06/2023 19:39:08: DeltaT Inicial: 7
02/06/2023 19:39:08: DeltaT Inferior: 1
02/06/2023 19:39:08: DeltaT Superior: 15
02/06/2023 19:39:08: Tempo total da tentativa: 10
02/06/2023 19:39:08: Tempo de Escolha: 2
02/06/2023 19:39:08: Dano maior: 100
02/06/2023 19:39:10: Iniciando sessão 1
02/06/2023 19:39:10: Iniciando bloco 1
02/06/2023 19:39:10: Iniciando tentativa 1
02/06/2023 19:39:10: Spawn do Inimigo. Distância: 4,406543
02/06/2023 19:39:12: A escolha foi Nenhuma. Repetindo tentativa.
02/06/2023 19:39:12: Jogador não escolheu: IET iniciado = 10
02/06/2023 19:42:45: Cena: EscolhaImpulsivaDD
02/06/2023 19:42:45: Total Sessions: 1
02/06/2023 19:42:45: Total Blocks: 1
02/06/2023 19:42:45: Total Attempts: 6
02/06/2023 19:42:45: DeltaT Inicial: 7
02/06/2023 19:42:45: DeltaT Inferior: 1
02/06/2023 19:42:45: DeltaT Superior: 15
02/06/2023 19:42:45: Tempo total da tentativa: 10
02/06/2023 19:42:45: Tempo de Escolha: 2
02/06/2023 19:42:45: Dano maior: 100
02/06/2023 19:42:58: Iniciando sessão 1
02/06/2023 19:42:58: Iniciando bloco 1
02/06/2023 19:42:58: Iniciando tentativa 1
02/06/2023 19:42:58: Spawn do Inimigo. Distância: 6,647611
02/06/2023 19:43:00: A escolha foi Imediata
02/06/2023 19:43:00: Jogador escolheu 'Imediato': IET iniciado = 10
02/06/2023 19:43:49: Cena: EscolhaImpulsivaDD
02/06/2023 19:43:49: Total Sessions: 1
02/06/2023 19:43:49: Total Blocks: 1
02/06/2023 19:43:49: Total Attempts: 6
02/06/2023 19:43:49: DeltaT Inicial: 7
02/06/2023 19:43:49: DeltaT Inferior: 1
02/06/2023 19:43:49: DeltaT Superior: 15
02/06/2023 19:43:49: Tempo total da tentativa: 10
02/06/2023 19:43:49: Tempo de Escolha: 2
02/06/2023 19:43:49: Dano maior: 100
02/06/2023 19:43:56: Cena: EscolhaImpulsivaDD
02/06/2023 19:43:56: Total Sessions: 1
02/06/2023 19:43:56: Total Blocks: 1
02/06/2023 19:43:56: Total Attempts: 6
02/06/2023 19:43:56: DeltaT Inicial: 7
02/06/2023 19:43:56: DeltaT Inferior: 1
02/06/2023 19:43:56: DeltaT Superior: 15
02/06/2023 19:43:56: Tempo total da tentativa: 10
02/06/2023 19:43:56: Tempo de Escolha: 2
02/06/2023 19:43:56: Dano maior: 100
02/06/2023 19:44:41: Cena: EscolhaImpulsivaDD
02/06/2023 19:44:41: Total Sessions: 1
02/06/2023 19:44:41: Total Blocks: 1
02/06/2023 19:44:41: Total Attempts: 6
02/06/2023 19:44:41: DeltaT Inicial: 7
02/06/2023 19:44:41: DeltaT Inferior: 1
02/06/2023 19:44:41: DeltaT Superior: 15
02/06/2023 19:44:41: Tempo total da tentativa: 10
02/06/2023 19:44:41: Tempo de Escolha: 2
02/06/2023 19:44:41: Dano maior: 100
02/06/2023 19:44:47: Iniciando sessão 1
02/06/2023 19:44:47: Iniciando bloco 1
02/06/2023 19:44:47: Iniciando tentativa 1
02/06/2023 19:44:47: Spawn do Inimigo. Distância: 3,258127
02/06/2023 19:44:49: A escolha foi Nenhuma. Repetindo tentativa.
02/06/2023 19:44:49: Jogador não escolheu: IET iniciado = 10
02/06/2023 19:45:53: Cena: EscolhaImpulsivaDD
02/06/2023 19:45:53: Total Sessions: 1
02/06/2023 19:45:53: Total Blocks: 1
02/06/2023 19:45:53: Total Attempts: 6
02/06/2023 19:45:53: DeltaT Inicial: 7
02/06/2023 19:45:53: DeltaT Inferior: 1
02/06/2023 19:45:53: DeltaT Superior: 15
02/06/2023 19:45:53: Tempo total da tentativa: 10
02/06/2023 19:45:53: Tempo de Escolha: 2
02/06/2023 19:45:53: Dano maior: 100
02/06/2023 19:45:56: Iniciando sessão 1
02/06/2023 19:45:56: Iniciando bloco 1
02/06/2023 19:45:56: Iniciando tentativa 1
02/06/2023 19:45:56: Spawn do Inimigo. Distância: 9,824699
02/06/2023 19:45:58: A escolha foi Nenhuma. Repetindo tentativa.
02/06/2023 19:45:58: Jogador não escolheu: IET iniciado = 10
02/06/2023 19:46:21: Cena: EscolhaImpulsivaDD
02/06/2023 19:46:21: Total Sessions: 1
02/06/2023 19:46:21: Total Blocks: 1
02/06/2023 19:46:21: Total Attempts: 6
02/06/2023 19:46:21: DeltaT Inicial: 7
02/06/2023 19:46:21: DeltaT Inferior: 1
02/06/2023 19:46:21: DeltaT Superior: 15
02/06/2023 19:46:21: Tempo total da tentativa: 10
02/06/2023 19:46:21: Tempo de Escolha: 2
02/06/2023 19:46:21: Dano maior: 100
02/06/2023 19:46:24: Iniciando sessão 1
02/06/2023 19:46:24: Iniciando bloco 1
02/06/2023 19:46:24: Iniciando tentativa 1
02/06/2023 19:46:24: Spawn do Inimigo. Distância: 7,541942
02/06/2023 19:46:26: A escolha foi Nenhuma. Repetindo tentativa.
02/06/2023 19:46:26: Jogador não escolheu: IET iniciado = 10
02/06/2023 19:46:36: Jogador não escolheu: IET finalizado = 10
02/06/2023 19:46:36: Iniciando tentativa 1
02/06/2023 19:46:36: Spawn do Inimigo. Distância: 8,663892
02/06/2023 19:46:37: A escolha foi Imediata
02/06/2023 19:46:37: Jogador escolheu 'Imediato': IET iniciado = 10
02/06/2023 19:48:42: Cena: EscolhaImpulsivaDD
02/06/2023 19:48:42: Total Sessions: 1
02/06/2023 19:48:42: Total Blocks: 1
02/06/2023 19:48:42: Total Attempts: 6
02/06/2023 19:48:42: DeltaT Inicial: 7
02/06/2023 19:48:42: DeltaT Inferior: 1
02/06/2023 19:48:42: DeltaT Superior: 15
02/06/2023 19:48:42: Tempo total da tentativa: 10
02/06/2023 19:48:42: Tempo de Escolha: 2
02/06/2023 19:48:42: Dano maior: 100
02/06/2023 19:48:52: Iniciando sessão 1
02/06/2023 19:48:52: Iniciando bloco 1
02/06/2023 19:48:52: Iniciando tentativa 1
02/06/2023 19:48:52: Spawn do Inimigo. Distância: 6,258347
02/06/2023 19:48:54: A escolha foi Nenhuma. Repetindo tentativa.
02/06/2023 19:48:54: Jogador não escolheu: IET iniciado = 10
02/06/2023 19:49:04: Jogador não escolheu: IET finalizado = 10
02/06/2023 19:49:04: Iniciando tentativa 1
02/06/2023 19:49:04: Spawn do Inimigo. Distância: 6,51466
02/06/2023 19:49:05: A escolha foi Imediata
02/06/2023 19:49:05: Jogador escolheu 'Imediato': IET iniciado = 10
02/06/2023 19:52:55: Cena: EscolhaImpulsivaDD
02/06/2023 19:52:55: Total Sessions: 1
02/06/2023 19:52:55: Total Blocks: 1
02/06/2023 19:52:55: Total Attempts: 6
02/06/2023 19:52:55: DeltaT Inicial: 7
02/06/2023 19:52:55: DeltaT Inferior: 1
02/06/2023 19:52:55: DeltaT Superior: 15
02/06/2023 19:52:55: Tempo total da tentativa: 10
02/06/2023 19:52:55: Tempo de Escolha: 2
02/06/2023 19:52:55: Dano maior: 100
02/06/2023 19:53:52: Cena: EscolhaImpulsivaDD
02/06/2023 19:53:52: Total Sessions: 1
02/06/2023 19:53:52: Total Blocks: 1
02/06/2023 19:53:52: Total Attempts: 6
02/06/2023 19:53:52: DeltaT Inicial: 7
02/06/2023 19:53:52: DeltaT Inferior: 1
02/06/2023 19:53:52: DeltaT Superior: 15
02/06/2023 19:53:52: Tempo total da tentativa: 10
02/06/2023 19:53:52: Tempo de Escolha: 2
02/06/2023 19:53:52: Dano maior: 100
02/06/2023 19:54:11: Iniciando sessão 1
02/06/2023 19:54:11: Iniciando bloco 1
02/06/2023 19:54:11: Iniciando tentativa 1
02/06/2023 19:54:11: Spawn do Inimigo. Distância: 4,150174
02/06/2023 19:54:12: A escolha foi Imediata
02/06/2023 19:54:12: Jogador escolheu 'Imediato': IET iniciado = 10
02/06/2023 19:54:50: Cena: EscolhaImpulsivaDD
02/06/2023 19:54:50: Total Sessions: 1
02/06/2023 19:54:50: Total Blocks: 1
02/06/2023 19:54:50: Total Attempts: 6
02/06/2023 19:54:50: DeltaT Inicial: 7
02/06/2023 19:54:50: DeltaT Inferior: 1
02/06/2023 19:54:50: DeltaT Superior: 15
02/06/2023 19:54:50: Tempo total da tentativa: 10
02/06/2023 19:54:50: Tempo de Escolha: 2
02/06/2023 19:54:50: Dano maior: 100
02/06/2023 19:57:15: Cena: InibicaoRespostaDD
02/06/2023 19:57:15: Total Sessions: 1
02/06/2023 19:57:15: Total Blocks: 1
02/06/2023 19:57:15: Total Attempts: 6
02/06/2023 19:57:15: DeltaT Inicial: 7
02/06/2023 19:57:15: DeltaT Inferior: 1
02/06/2023 19:57:15: DeltaT Superior: 15
02/06/2023 19:57:15: Tempo total da tentativa: 10
02/06/2023 19:57:15: Tempo de Escolha: 2
02/06/2023 19:57:15: Dano maior: 100
02/06/2023 19:57:41: Cena: InibicaoRespostaDD
02/06/2023 19:57:41: Total Sessions: 1
02/06/2023 19:57:41: Total Blocks: 1
02/06/2023 19:57:41: Total Attempts: 6
02/06/2023 19:57:41: DeltaT Inicial: 7
02/06/2023 19:57:41: DeltaT Inferior: 1
02/06/2023 19:57:41: DeltaT Superior: 15
02/06/2023 19:57:41: Tempo total da tentativa: 10
02/06/2023 19:57:41: Tempo de Escolha: 2
02/06/2023 19:57:41: Dano maior: 100
02/06/2023 19:58:33: Cena: InibicaoRespostaDD
02/06/2023 19:58:33: Total Sessions: 1
02/06/2023 19:58:33: Total Blocks: 1
02/06/2023 19:58:33: Total Attempts: 6
02/06/2023 19:58:33: DeltaT Inicial: 7
02/06/2023 19:58:33: DeltaT Inferior: 1
02/06/2023 19:58:33: DeltaT Superior: 15
02/06/2023 19:58:33: Tempo total da tentativa: 10
02/06/2023 19:58:33: Tempo de Escolha: 2
02/06/2023 19:58:33: Dano maior: 100
02/06/2023 19:58:35: Iniciando sessão 1
02/06/2023 19:58:35: Iniciando bloco 1
02/06/2023 19:58:35: Iniciando tentativa 1
02/06/2023 19:58:35: Spawn do Inimigo. Distância: 7,983679
02/06/2023 19:58:37: A escolha foi Imediata
02/06/2023 19:58:37: Jogador escolheu 'Imediato': IET iniciado = 8,496067
02/06/2023 19:58:45: Jogador escolheu 'Imediato': IET finalizado = 8,496067
02/06/2023 19:58:45: Iniciando tentativa 2
02/06/2023 19:58:45: Spawn do Inimigo. Distância: 8,435545
